2026-03-11 22:34:33,664 - [INFO] - MainThread - Longport 交易环境连接成功
2026-03-11 22:34:35,590 - [INFO] - MainThread - 交易状态已保存。
2026-03-11 22:34:35,591 - [INFO] - MainThread - 交易状态已重置。
2026-03-11 22:34:35,591 - [INFO] - Thread-DXYZ.US - 启动策略监控: DXYZ.US
2026-03-11 22:34:36,632 - [INFO] - Thread-DXYZ.US - DXYZ.US 触发买入信号: 日涨幅 1.77% | 成交量 0.0
2026-03-11 22:34:36,633 - [INFO] - Thread-DXYZ.US - 正在买入 DXYZ.US | 数量: 37 | 触发价: 26.48 | 限价: 26.74
2026-03-11 22:44:21,338 - [INFO] - MainThread - Longport 交易环境连接成功
2026-03-11 22:44:23,521 - [INFO] - MainThread - 已加载上次的交易状态。
2026-03-11 22:44:23,522 - [INFO] - Thread-DXYZ.US - 启动策略监控: DXYZ.US
2026-03-11 22:44:24,423 - [INFO] - Thread-DXYZ.US - DXYZ.US 触发买入信号: 日涨幅 1.65% | 成交量 0.0
2026-03-11 22:44:24,423 - [INFO] - Thread-DXYZ.US - 正在买入 DXYZ.US | 数量: 37 | 触发价: 26.45 | 限价: 26.71
2026-03-11 22:53:30,116 - [INFO] - MainThread - Longport 交易环境连接成功
2026-03-11 22:53:31,028 - [INFO] - MainThread - 已加载上次的交易状态。
2026-03-11 22:53:31,029 - [INFO] - Thread-DXYZ.US - 启动策略监控: DXYZ.US
2026-03-11 22:53:31,955 - [INFO] - Thread-DXYZ.US - DXYZ.US 触发买入信号: 日涨幅 1.54% | 成交量 0.0
2026-03-11 22:53:31,956 - [INFO] - Thread-DXYZ.US - 正在买入 DXYZ.US | 数量: 37 | 触发价: 26.42 | 限价: 26.68
2026-03-11 22:53:32,224 - [INFO] - Thread-DXYZ.US - 交易状态已保存。
2026-03-11 22:53:32,227 - [INFO] - Thread-DXYZ.US - 买入指令已发送: DXYZ.US
2026-03-11 22:54:32,040 - [INFO] - Thread-DXYZ.US - [DXYZ.US] 运行中 | 持仓中 | 现价: 26.39 | 涨幅: 1.42%
2026-03-11 22:55:35,895 - [INFO] - Thread-DXYZ.US - [DXYZ.US] 运行中 | 持仓中 | 现价: 26.37 | 涨幅: 1.35%
2026-03-11 22:56:39,880 - [INFO] - Thread-DXYZ.US - [DXYZ.US] 运行中 | 持仓中 | 现价: 26.38 | 涨幅: 1.38%
2026-03-11 22:57:44,474 - [INFO] - Thread-DXYZ.US - [DXYZ.US] 运行中 | 持仓中 | 现价: 26.39 | 涨幅: 1.42%
2026-03-11 22:58:48,129 - [INFO] - Thread-DXYZ.US - [DXYZ.US] 运行中 | 持仓中 | 现价: 26.41 | 涨幅: 1.50%
2026-03-11 22:59:21,786 - [INFO] - MainThread - 交易状态已保存。
