2026-02-09 22:33:13,993 - [INFO] - MainThread - Longport 交易环境连接成功
2026-02-09 22:33:13,994 - [INFO] - MainThread - 交易状态已保存。
2026-02-09 22:33:13,994 - [INFO] - MainThread - 交易状态已重置。
2026-02-09 22:33:13,995 - [INFO] - Thread-DXYZ - 启动策略监控: DXYZ
2026-02-09 22:33:14,772 - [INFO] - Thread-DXYZ - 观察中 DXYZ: 现价 31.45 | 日涨幅 -1.10% (未达阈值 1.5%)
2026-02-09 22:33:20,104 - [INFO] - Thread-DXYZ - 观察中 DXYZ: 现价 31.36 | 日涨幅 -1.38% (未达阈值 1.5%)
2026-02-09 22:33:25,377 - [INFO] - Thread-DXYZ - 观察中 DXYZ: 现价 31.36 | 日涨幅 -1.38% (未达阈值 1.5%)
2026-02-09 22:33:30,689 - [INFO] - Thread-DXYZ - 观察中 DXYZ: 现价 31.36 | 日涨幅 -1.38% (未达阈值 1.5%)
2026-02-09 22:33:35,990 - [INFO] - Thread-DXYZ - 观察中 DXYZ: 现价 31.36 | 日涨幅 -1.38% (未达阈值 1.5%)
2026-02-09 22:33:41,269 - [INFO] - Thread-DXYZ - 观察中 DXYZ: 现价 31.36 | 日涨幅 -1.38% (未达阈值 1.5%)
2026-02-09 22:33:46,682 - [INFO] - Thread-DXYZ - 观察中 DXYZ: 现价 31.36 | 日涨幅 -1.38% (未达阈值 1.5%)
2026-02-09 22:33:51,989 - [INFO] - Thread-DXYZ - 观察中 DXYZ: 现价 31.36 | 日涨幅 -1.38% (未达阈值 1.5%)
2026-02-09 22:33:57,271 - [INFO] - Thread-DXYZ - 观察中 DXYZ: 现价 31.36 | 日涨幅 -1.38% (未达阈值 1.5%)
2026-02-09 22:34:02,560 - [INFO] - Thread-DXYZ - 观察中 DXYZ: 现价 31.36 | 日涨幅 -1.38% (未达阈值 1.5%)
2026-02-09 22:34:07,835 - [INFO] - Thread-DXYZ - 观察中 DXYZ: 现价 31.36 | 日涨幅 -1.38% (未达阈值 1.5%)
2026-02-09 22:34:13,103 - [INFO] - Thread-DXYZ - 观察中 DXYZ: 现价 31.36 | 日涨幅 -1.38% (未达阈值 1.5%)
2026-02-09 22:34:18,372 - [INFO] - Thread-DXYZ - 观察中 DXYZ: 现价 31.36 | 日涨幅 -1.38% (未达阈值 1.5%)
2026-02-09 22:34:23,648 - [INFO] - Thread-DXYZ - 观察中 DXYZ: 现价 31.7 | 日涨幅 -0.31% (未达阈值 1.5%)
2026-02-09 22:34:28,958 - [INFO] - Thread-DXYZ - 观察中 DXYZ: 现价 31.7 | 日涨幅 -0.31% (未达阈值 1.5%)
2026-02-09 22:34:34,281 - [INFO] - Thread-DXYZ - 观察中 DXYZ: 现价 31.7 | 日涨幅 -0.31% (未达阈值 1.5%)
2026-02-09 22:34:39,582 - [INFO] - Thread-DXYZ - 观察中 DXYZ: 现价 31.7 | 日涨幅 -0.31% (未达阈值 1.5%)
2026-02-09 22:34:44,856 - [INFO] - Thread-DXYZ - 观察中 DXYZ: 现价 31.7 | 日涨幅 -0.31% (未达阈值 1.5%)
2026-02-09 22:34:50,307 - [INFO] - Thread-DXYZ - 观察中 DXYZ: 现价 31.7 | 日涨幅 -0.31% (未达阈值 1.5%)
2026-02-09 22:34:55,590 - [INFO] - Thread-DXYZ - 观察中 DXYZ: 现价 31.7 | 日涨幅 -0.31% (未达阈值 1.5%)
2026-02-09 22:35:00,918 - [INFO] - Thread-DXYZ - 观察中 DXYZ: 现价 31.7 | 日涨幅 -0.31% (未达阈值 1.5%)
2026-02-09 22:35:06,176 - [INFO] - Thread-DXYZ - 观察中 DXYZ: 现价 31.7 | 日涨幅 -0.31% (未达阈值 1.5%)
2026-02-09 22:35:11,485 - [INFO] - Thread-DXYZ - 观察中 DXYZ: 现价 31.7 | 日涨幅 -0.31% (未达阈值 1.5%)
2026-02-09 22:35:16,895 - [INFO] - Thread-DXYZ - 观察中 DXYZ: 现价 31.7 | 日涨幅 -0.31% (未达阈值 1.5%)
2026-02-09 22:35:22,200 - [INFO] - Thread-DXYZ - 观察中 DXYZ: 现价 31.7 | 日涨幅 -0.31% (未达阈值 1.5%)
2026-02-09 22:35:27,787 - [INFO] - Thread-DXYZ - 观察中 DXYZ: 现价 31.99 | 日涨幅 0.60% (未达阈值 1.5%)
2026-02-09 22:35:33,068 - [INFO] - Thread-DXYZ - 观察中 DXYZ: 现价 31.99 | 日涨幅 0.60% (未达阈值 1.5%)
2026-02-09 22:35:38,320 - [INFO] - Thread-DXYZ - 观察中 DXYZ: 现价 31.99 | 日涨幅 0.60% (未达阈值 1.5%)
2026-02-09 22:35:43,728 - [INFO] - Thread-DXYZ - 观察中 DXYZ: 现价 31.99 | 日涨幅 0.60% (未达阈值 1.5%)
2026-02-09 22:35:49,012 - [INFO] - Thread-DXYZ - 观察中 DXYZ: 现价 31.99 | 日涨幅 0.60% (未达阈值 1.5%)
2026-02-09 22:35:54,325 - [INFO] - Thread-DXYZ - 观察中 DXYZ: 现价 31.99 | 日涨幅 0.60% (未达阈值 1.5%)
2026-02-09 22:35:59,565 - [INFO] - Thread-DXYZ - 观察中 DXYZ: 现价 31.99 | 日涨幅 0.60% (未达阈值 1.5%)
2026-02-09 22:36:04,828 - [INFO] - Thread-DXYZ - 观察中 DXYZ: 现价 31.99 | 日涨幅 0.60% (未达阈值 1.5%)
2026-02-09 22:36:10,149 - [INFO] - Thread-DXYZ - 观察中 DXYZ: 现价 31.99 | 日涨幅 0.60% (未达阈值 1.5%)
2026-02-09 22:36:15,460 - [INFO] - Thread-DXYZ - 观察中 DXYZ: 现价 31.73 | 日涨幅 -0.22% (未达阈值 1.5%)
2026-02-09 22:36:20,699 - [INFO] - Thread-DXYZ - 观察中 DXYZ: 现价 31.73 | 日涨幅 -0.22% (未达阈值 1.5%)
2026-02-09 22:36:25,960 - [INFO] - Thread-DXYZ - 观察中 DXYZ: 现价 31.73 | 日涨幅 -0.22% (未达阈值 1.5%)
2026-02-09 22:36:31,231 - [INFO] - Thread-DXYZ - 观察中 DXYZ: 现价 31.73 | 日涨幅 -0.22% (未达阈值 1.5%)
2026-02-09 22:36:36,539 - [INFO] - Thread-DXYZ - 观察中 DXYZ: 现价 31.73 | 日涨幅 -0.22% (未达阈值 1.5%)
2026-02-09 22:36:41,910 - [INFO] - Thread-DXYZ - 观察中 DXYZ: 现价 31.73 | 日涨幅 -0.22% (未达阈值 1.5%)
2026-02-09 22:36:47,214 - [INFO] - Thread-DXYZ - 观察中 DXYZ: 现价 31.73 | 日涨幅 -0.22% (未达阈值 1.5%)
2026-02-09 22:36:52,477 - [INFO] - Thread-DXYZ - 观察中 DXYZ: 现价 31.73 | 日涨幅 -0.22% (未达阈值 1.5%)
2026-02-09 22:36:57,749 - [INFO] - Thread-DXYZ - 观察中 DXYZ: 现价 31.73 | 日涨幅 -0.22% (未达阈值 1.5%)
2026-02-09 22:37:03,005 - [INFO] - Thread-DXYZ - 观察中 DXYZ: 现价 31.73 | 日涨幅 -0.22% (未达阈值 1.5%)
2026-02-09 22:37:08,295 - [INFO] - Thread-DXYZ - 观察中 DXYZ: 现价 31.73 | 日涨幅 -0.22% (未达阈值 1.5%)
2026-02-09 22:37:13,534 - [INFO] - Thread-DXYZ - 观察中 DXYZ: 现价 31.73 | 日涨幅 -0.22% (未达阈值 1.5%)
2026-02-09 22:37:18,809 - [INFO] - Thread-DXYZ - 观察中 DXYZ: 现价 31.7 | 日涨幅 -0.31% (未达阈值 1.5%)
2026-02-09 22:37:24,097 - [INFO] - Thread-DXYZ - 观察中 DXYZ: 现价 31.7 | 日涨幅 -0.31% (未达阈值 1.5%)
2026-02-09 22:37:29,395 - [INFO] - Thread-DXYZ - 观察中 DXYZ: 现价 31.7 | 日涨幅 -0.31% (未达阈值 1.5%)
2026-02-09 22:37:34,675 - [INFO] - Thread-DXYZ - 观察中 DXYZ: 现价 31.7 | 日涨幅 -0.31% (未达阈值 1.5%)
2026-02-09 22:37:39,968 - [INFO] - Thread-DXYZ - 观察中 DXYZ: 现价 31.7 | 日涨幅 -0.31% (未达阈值 1.5%)
2026-02-09 22:37:45,350 - [INFO] - Thread-DXYZ - 观察中 DXYZ: 现价 31.7 | 日涨幅 -0.31% (未达阈值 1.5%)
2026-02-09 22:37:50,625 - [INFO] - Thread-DXYZ - 观察中 DXYZ: 现价 31.7 | 日涨幅 -0.31% (未达阈值 1.5%)
2026-02-09 22:37:55,955 - [INFO] - Thread-DXYZ - 观察中 DXYZ: 现价 31.7 | 日涨幅 -0.31% (未达阈值 1.5%)
2026-02-09 22:38:01,278 - [INFO] - Thread-DXYZ - 观察中 DXYZ: 现价 31.7 | 日涨幅 -0.31% (未达阈值 1.5%)
2026-02-09 22:38:06,520 - [INFO] - Thread-DXYZ - 观察中 DXYZ: 现价 31.7 | 日涨幅 -0.31% (未达阈值 1.5%)
2026-02-09 22:38:11,836 - [INFO] - Thread-DXYZ - 观察中 DXYZ: 现价 31.7 | 日涨幅 -0.31% (未达阈值 1.5%)
2026-02-09 22:38:17,097 - [INFO] - Thread-DXYZ - 观察中 DXYZ: 现价 31.7 | 日涨幅 -0.31% (未达阈值 1.5%)
2026-02-09 22:38:22,388 - [INFO] - Thread-DXYZ - 观察中 DXYZ: 现价 31.91 | 日涨幅 0.35% (未达阈值 1.5%)
2026-02-09 22:38:27,827 - [INFO] - Thread-DXYZ - 观察中 DXYZ: 现价 31.91 | 日涨幅 0.35% (未达阈值 1.5%)
2026-02-09 22:38:33,146 - [INFO] - Thread-DXYZ - 观察中 DXYZ: 现价 31.91 | 日涨幅 0.35% (未达阈值 1.5%)
2026-02-09 22:38:38,505 - [INFO] - Thread-DXYZ - 观察中 DXYZ: 现价 31.91 | 日涨幅 0.35% (未达阈值 1.5%)
2026-02-09 22:38:43,799 - [INFO] - Thread-DXYZ - 观察中 DXYZ: 现价 31.91 | 日涨幅 0.35% (未达阈值 1.5%)
2026-02-09 22:38:49,070 - [INFO] - Thread-DXYZ - 观察中 DXYZ: 现价 31.91 | 日涨幅 0.35% (未达阈值 1.5%)
2026-02-09 22:38:54,357 - [INFO] - Thread-DXYZ - 观察中 DXYZ: 现价 31.91 | 日涨幅 0.35% (未达阈值 1.5%)
2026-02-09 22:38:59,739 - [INFO] - Thread-DXYZ - 观察中 DXYZ: 现价 31.91 | 日涨幅 0.35% (未达阈值 1.5%)
2026-02-09 22:39:05,075 - [INFO] - Thread-DXYZ - 观察中 DXYZ: 现价 31.91 | 日涨幅 0.35% (未达阈值 1.5%)
2026-02-09 22:39:10,321 - [INFO] - Thread-DXYZ - 观察中 DXYZ: 现价 31.91 | 日涨幅 0.35% (未达阈值 1.5%)
2026-02-09 22:39:15,621 - [INFO] - Thread-DXYZ - 观察中 DXYZ: 现价 31.91 | 日涨幅 0.35% (未达阈值 1.5%)
2026-02-09 22:39:20,863 - [INFO] - Thread-DXYZ - 观察中 DXYZ: 现价 31.91 | 日涨幅 0.35% (未达阈值 1.5%)
2026-02-09 22:39:26,168 - [INFO] - Thread-DXYZ - 观察中 DXYZ: 现价 32.25 | 日涨幅 1.42% (未达阈值 1.5%)
2026-02-09 22:39:31,442 - [INFO] - Thread-DXYZ - 观察中 DXYZ: 现价 32.25 | 日涨幅 1.42% (未达阈值 1.5%)
2026-02-09 22:39:36,828 - [INFO] - Thread-DXYZ - 观察中 DXYZ: 现价 32.25 | 日涨幅 1.42% (未达阈值 1.5%)
2026-02-09 22:39:42,277 - [INFO] - Thread-DXYZ - 观察中 DXYZ: 现价 32.25 | 日涨幅 1.42% (未达阈值 1.5%)
2026-02-09 22:39:47,618 - [INFO] - Thread-DXYZ - 观察中 DXYZ: 现价 32.25 | 日涨幅 1.42% (未达阈值 1.5%)
2026-02-09 22:39:52,867 - [INFO] - Thread-DXYZ - 观察中 DXYZ: 现价 32.25 | 日涨幅 1.42% (未达阈值 1.5%)
2026-02-09 22:39:58,193 - [INFO] - Thread-DXYZ - 观察中 DXYZ: 现价 32.25 | 日涨幅 1.42% (未达阈值 1.5%)
2026-02-09 22:40:03,514 - [INFO] - Thread-DXYZ - 观察中 DXYZ: 现价 32.25 | 日涨幅 1.42% (未达阈值 1.5%)
2026-02-09 22:40:08,952 - [INFO] - Thread-DXYZ - 观察中 DXYZ: 现价 32.25 | 日涨幅 1.42% (未达阈值 1.5%)
2026-02-09 22:40:14,232 - [INFO] - Thread-DXYZ - 观察中 DXYZ: 现价 32.25 | 日涨幅 1.42% (未达阈值 1.5%)
2026-02-09 22:40:19,543 - [INFO] - Thread-DXYZ - 观察中 DXYZ: 现价 32.25 | 日涨幅 1.42% (未达阈值 1.5%)
2026-02-09 22:40:24,845 - [INFO] - Thread-DXYZ - 观察中 DXYZ: 现价 32.25 | 日涨幅 1.42% (未达阈值 1.5%)
2026-02-09 22:40:30,200 - [INFO] - Thread-DXYZ - 观察中 DXYZ: 现价 32.25 | 日涨幅 1.42% (未达阈值 1.5%)
2026-02-09 22:40:35,545 - [INFO] - Thread-DXYZ - DXYZ 触发买入信号: 日涨幅 2.08%
2026-02-09 22:40:35,545 - [INFO] - Thread-DXYZ - 正在买入 DXYZ | 数量: 30 | 预估价格: 32.46
2026-02-09 22:40:35,545 - [ERROR] - Thread-DXYZ - 买入失败 DXYZ: argument 'order_type': 'str' object cannot be cast as 'OrderType'
2026-02-09 22:40:40,948 - [INFO] - Thread-DXYZ - DXYZ 触发买入信号: 日涨幅 2.08%
2026-02-09 22:40:40,949 - [INFO] - Thread-DXYZ - 正在买入 DXYZ | 数量: 30 | 预估价格: 32.46
2026-02-09 22:40:40,949 - [ERROR] - Thread-DXYZ - 买入失败 DXYZ: argument 'order_type': 'str' object cannot be cast as 'OrderType'
2026-02-09 22:40:46,264 - [INFO] - Thread-DXYZ - DXYZ 触发买入信号: 日涨幅 2.08%
2026-02-09 22:40:46,265 - [INFO] - Thread-DXYZ - 正在买入 DXYZ | 数量: 30 | 预估价格: 32.46
2026-02-09 22:40:46,265 - [ERROR] - Thread-DXYZ - 买入失败 DXYZ: argument 'order_type': 'str' object cannot be cast as 'OrderType'
2026-02-09 22:40:51,597 - [INFO] - Thread-DXYZ - DXYZ 触发买入信号: 日涨幅 2.08%
2026-02-09 22:40:51,597 - [INFO] - Thread-DXYZ - 正在买入 DXYZ | 数量: 30 | 预估价格: 32.46
2026-02-09 22:40:51,597 - [ERROR] - Thread-DXYZ - 买入失败 DXYZ: argument 'order_type': 'str' object cannot be cast as 'OrderType'
2026-02-09 22:40:56,907 - [INFO] - Thread-DXYZ - DXYZ 触发买入信号: 日涨幅 2.08%
2026-02-09 22:40:56,907 - [INFO] - Thread-DXYZ - 正在买入 DXYZ | 数量: 30 | 预估价格: 32.46
2026-02-09 22:40:56,907 - [ERROR] - Thread-DXYZ - 买入失败 DXYZ: argument 'order_type': 'str' object cannot be cast as 'OrderType'
2026-02-09 22:41:02,205 - [INFO] - Thread-DXYZ - DXYZ 触发买入信号: 日涨幅 2.08%
2026-02-09 22:41:02,206 - [INFO] - Thread-DXYZ - 正在买入 DXYZ | 数量: 30 | 预估价格: 32.46
2026-02-09 22:41:02,206 - [ERROR] - Thread-DXYZ - 买入失败 DXYZ: argument 'order_type': 'str' object cannot be cast as 'OrderType'
2026-02-09 22:41:07,505 - [INFO] - Thread-DXYZ - DXYZ 触发买入信号: 日涨幅 2.08%
2026-02-09 22:41:07,505 - [INFO] - Thread-DXYZ - 正在买入 DXYZ | 数量: 30 | 预估价格: 32.46
2026-02-09 22:41:07,505 - [ERROR] - Thread-DXYZ - 买入失败 DXYZ: argument 'order_type': 'str' object cannot be cast as 'OrderType'
2026-02-09 22:41:12,871 - [INFO] - Thread-DXYZ - DXYZ 触发买入信号: 日涨幅 2.08%
2026-02-09 22:41:12,871 - [INFO] - Thread-DXYZ - 正在买入 DXYZ | 数量: 30 | 预估价格: 32.46
2026-02-09 22:41:12,871 - [ERROR] - Thread-DXYZ - 买入失败 DXYZ: argument 'order_type': 'str' object cannot be cast as 'OrderType'
2026-02-09 22:41:18,174 - [INFO] - Thread-DXYZ - DXYZ 触发买入信号: 日涨幅 2.08%
2026-02-09 22:41:18,174 - [INFO] - Thread-DXYZ - 正在买入 DXYZ | 数量: 30 | 预估价格: 32.46
2026-02-09 22:41:18,174 - [ERROR] - Thread-DXYZ - 买入失败 DXYZ: argument 'order_type': 'str' object cannot be cast as 'OrderType'
2026-02-09 22:41:23,462 - [INFO] - Thread-DXYZ - DXYZ 触发买入信号: 日涨幅 2.08%
2026-02-09 22:41:23,462 - [INFO] - Thread-DXYZ - 正在买入 DXYZ | 数量: 30 | 预估价格: 32.46
2026-02-09 22:41:23,462 - [ERROR] - Thread-DXYZ - 买入失败 DXYZ: argument 'order_type': 'str' object cannot be cast as 'OrderType'
2026-02-09 22:41:28,730 - [INFO] - Thread-DXYZ - DXYZ 触发买入信号: 日涨幅 2.08%
2026-02-09 22:41:28,730 - [INFO] - Thread-DXYZ - 正在买入 DXYZ | 数量: 30 | 预估价格: 32.46
2026-02-09 22:41:28,730 - [ERROR] - Thread-DXYZ - 买入失败 DXYZ: argument 'order_type': 'str' object cannot be cast as 'OrderType'
2026-02-09 22:41:34,042 - [INFO] - Thread-DXYZ - DXYZ 触发买入信号: 日涨幅 2.08%
2026-02-09 22:41:34,042 - [INFO] - Thread-DXYZ - 正在买入 DXYZ | 数量: 30 | 预估价格: 32.46
2026-02-09 22:41:34,042 - [ERROR] - Thread-DXYZ - 买入失败 DXYZ: argument 'order_type': 'str' object cannot be cast as 'OrderType'
2026-02-09 22:41:39,371 - [INFO] - Thread-DXYZ - DXYZ 触发买入信号: 日涨幅 2.08%
2026-02-09 22:41:39,371 - [INFO] - Thread-DXYZ - 正在买入 DXYZ | 数量: 30 | 预估价格: 32.46
2026-02-09 22:41:39,371 - [ERROR] - Thread-DXYZ - 买入失败 DXYZ: argument 'order_type': 'str' object cannot be cast as 'OrderType'
2026-02-09 22:41:44,668 - [INFO] - Thread-DXYZ - DXYZ 触发买入信号: 日涨幅 2.08%
2026-02-09 22:41:44,668 - [INFO] - Thread-DXYZ - 正在买入 DXYZ | 数量: 30 | 预估价格: 32.46
2026-02-09 22:41:44,668 - [ERROR] - Thread-DXYZ - 买入失败 DXYZ: argument 'order_type': 'str' object cannot be cast as 'OrderType'
2026-02-09 22:41:49,941 - [INFO] - Thread-DXYZ - DXYZ 触发买入信号: 日涨幅 2.08%
2026-02-09 22:41:49,941 - [INFO] - Thread-DXYZ - 正在买入 DXYZ | 数量: 30 | 预估价格: 32.46
2026-02-09 22:41:49,941 - [ERROR] - Thread-DXYZ - 买入失败 DXYZ: argument 'order_type': 'str' object cannot be cast as 'OrderType'
2026-02-09 22:41:55,226 - [INFO] - Thread-DXYZ - DXYZ 触发买入信号: 日涨幅 2.08%
2026-02-09 22:41:55,227 - [INFO] - Thread-DXYZ - 正在买入 DXYZ | 数量: 30 | 预估价格: 32.46
2026-02-09 22:41:55,227 - [ERROR] - Thread-DXYZ - 买入失败 DXYZ: argument 'order_type': 'str' object cannot be cast as 'OrderType'
2026-02-09 22:42:00,715 - [INFO] - Thread-DXYZ - DXYZ 触发买入信号: 日涨幅 2.08%
2026-02-09 22:42:00,715 - [INFO] - Thread-DXYZ - 正在买入 DXYZ | 数量: 30 | 预估价格: 32.46
2026-02-09 22:42:00,716 - [ERROR] - Thread-DXYZ - 买入失败 DXYZ: argument 'order_type': 'str' object cannot be cast as 'OrderType'
2026-02-09 22:42:06,956 - [INFO] - Thread-DXYZ - DXYZ 触发买入信号: 日涨幅 2.08%
2026-02-09 22:42:06,956 - [INFO] - Thread-DXYZ - 正在买入 DXYZ | 数量: 30 | 预估价格: 32.46
2026-02-09 22:42:06,956 - [ERROR] - Thread-DXYZ - 买入失败 DXYZ: argument 'order_type': 'str' object cannot be cast as 'OrderType'
2026-02-09 22:42:12,448 - [INFO] - Thread-DXYZ - DXYZ 触发买入信号: 日涨幅 2.08%
2026-02-09 22:42:12,449 - [INFO] - Thread-DXYZ - 正在买入 DXYZ | 数量: 30 | 预估价格: 32.46
2026-02-09 22:42:12,449 - [ERROR] - Thread-DXYZ - 买入失败 DXYZ: argument 'order_type': 'str' object cannot be cast as 'OrderType'
2026-02-09 22:42:17,812 - [INFO] - Thread-DXYZ - DXYZ 触发买入信号: 日涨幅 2.08%
2026-02-09 22:42:17,812 - [INFO] - Thread-DXYZ - 正在买入 DXYZ | 数量: 30 | 预估价格: 32.46
2026-02-09 22:42:17,812 - [ERROR] - Thread-DXYZ - 买入失败 DXYZ: argument 'order_type': 'str' object cannot be cast as 'OrderType'
2026-02-09 22:42:23,192 - [INFO] - Thread-DXYZ - DXYZ 触发买入信号: 日涨幅 1.92%
2026-02-09 22:42:23,192 - [INFO] - Thread-DXYZ - 正在买入 DXYZ | 数量: 30 | 预估价格: 32.41
2026-02-09 22:42:23,192 - [ERROR] - Thread-DXYZ - 买入失败 DXYZ: argument 'order_type': 'str' object cannot be cast as 'OrderType'
2026-02-09 22:42:28,624 - [INFO] - Thread-DXYZ - DXYZ 触发买入信号: 日涨幅 2.24%
2026-02-09 22:42:28,625 - [INFO] - Thread-DXYZ - 正在买入 DXYZ | 数量: 30 | 预估价格: 32.41
2026-02-09 22:42:28,625 - [ERROR] - Thread-DXYZ - 买入失败 DXYZ: argument 'order_type': 'str' object cannot be cast as 'OrderType'
2026-02-09 22:42:34,031 - [INFO] - Thread-DXYZ - DXYZ 触发买入信号: 日涨幅 2.24%
2026-02-09 22:42:34,032 - [INFO] - Thread-DXYZ - 正在买入 DXYZ | 数量: 30 | 预估价格: 32.41
2026-02-09 22:42:34,032 - [ERROR] - Thread-DXYZ - 买入失败 DXYZ: argument 'order_type': 'str' object cannot be cast as 'OrderType'
2026-02-09 22:42:39,542 - [INFO] - Thread-DXYZ - DXYZ 触发买入信号: 日涨幅 2.24%
2026-02-09 22:42:39,542 - [INFO] - Thread-DXYZ - 正在买入 DXYZ | 数量: 30 | 预估价格: 32.41
2026-02-09 22:42:39,542 - [ERROR] - Thread-DXYZ - 买入失败 DXYZ: argument 'order_type': 'str' object cannot be cast as 'OrderType'
2026-02-09 22:42:45,031 - [INFO] - Thread-DXYZ - DXYZ 触发买入信号: 日涨幅 2.24%
2026-02-09 22:42:45,031 - [INFO] - Thread-DXYZ - 正在买入 DXYZ | 数量: 30 | 预估价格: 32.41
2026-02-09 22:42:45,032 - [ERROR] - Thread-DXYZ - 买入失败 DXYZ: argument 'order_type': 'str' object cannot be cast as 'OrderType'
2026-02-09 22:42:50,465 - [INFO] - Thread-DXYZ - DXYZ 触发买入信号: 日涨幅 2.24%
2026-02-09 22:42:50,465 - [INFO] - Thread-DXYZ - 正在买入 DXYZ | 数量: 30 | 预估价格: 32.41
2026-02-09 22:42:50,465 - [ERROR] - Thread-DXYZ - 买入失败 DXYZ: argument 'order_type': 'str' object cannot be cast as 'OrderType'
2026-02-09 22:42:55,840 - [INFO] - Thread-DXYZ - DXYZ 触发买入信号: 日涨幅 2.24%
2026-02-09 22:42:55,841 - [INFO] - Thread-DXYZ - 正在买入 DXYZ | 数量: 30 | 预估价格: 32.41
2026-02-09 22:42:55,841 - [ERROR] - Thread-DXYZ - 买入失败 DXYZ: argument 'order_type': 'str' object cannot be cast as 'OrderType'
2026-02-09 22:43:01,259 - [INFO] - Thread-DXYZ - DXYZ 触发买入信号: 日涨幅 2.24%
2026-02-09 22:43:01,259 - [INFO] - Thread-DXYZ - 正在买入 DXYZ | 数量: 30 | 预估价格: 32.41
2026-02-09 22:43:01,259 - [ERROR] - Thread-DXYZ - 买入失败 DXYZ: argument 'order_type': 'str' object cannot be cast as 'OrderType'
2026-02-09 22:43:06,614 - [INFO] - Thread-DXYZ - DXYZ 触发买入信号: 日涨幅 2.24%
2026-02-09 22:43:06,615 - [INFO] - Thread-DXYZ - 正在买入 DXYZ | 数量: 30 | 预估价格: 32.41
2026-02-09 22:43:06,615 - [ERROR] - Thread-DXYZ - 买入失败 DXYZ: argument 'order_type': 'str' object cannot be cast as 'OrderType'
2026-02-09 22:43:12,009 - [INFO] - Thread-DXYZ - DXYZ 触发买入信号: 日涨幅 2.24%
2026-02-09 22:43:12,009 - [INFO] - Thread-DXYZ - 正在买入 DXYZ | 数量: 30 | 预估价格: 32.41
2026-02-09 22:43:12,010 - [ERROR] - Thread-DXYZ - 买入失败 DXYZ: argument 'order_type': 'str' object cannot be cast as 'OrderType'
2026-02-09 22:43:17,446 - [INFO] - Thread-DXYZ - 观察中 DXYZ: 现价 32.05 | 日涨幅 1.10% (未达阈值 1.5%)
2026-02-09 22:43:22,866 - [INFO] - Thread-DXYZ - 观察中 DXYZ: 现价 32.05 | 日涨幅 1.10% (未达阈值 1.5%)
2026-02-09 22:43:28,284 - [INFO] - Thread-DXYZ - 观察中 DXYZ: 现价 32.05 | 日涨幅 1.10% (未达阈值 1.5%)
2026-02-09 22:43:33,684 - [INFO] - Thread-DXYZ - 观察中 DXYZ: 现价 32.05 | 日涨幅 1.10% (未达阈值 1.5%)
2026-02-09 22:43:39,087 - [INFO] - Thread-DXYZ - 观察中 DXYZ: 现价 32.05 | 日涨幅 1.10% (未达阈值 1.5%)
2026-02-09 22:43:44,478 - [INFO] - Thread-DXYZ - 观察中 DXYZ: 现价 32.05 | 日涨幅 1.10% (未达阈值 1.5%)
2026-02-09 22:43:49,856 - [INFO] - Thread-DXYZ - 观察中 DXYZ: 现价 32.05 | 日涨幅 1.10% (未达阈值 1.5%)
2026-02-09 22:43:55,236 - [INFO] - Thread-DXYZ - 观察中 DXYZ: 现价 32.05 | 日涨幅 1.10% (未达阈值 1.5%)
2026-02-09 22:44:00,671 - [INFO] - Thread-DXYZ - 观察中 DXYZ: 现价 32.05 | 日涨幅 1.10% (未达阈值 1.5%)
2026-02-09 22:44:06,027 - [INFO] - Thread-DXYZ - 观察中 DXYZ: 现价 32.05 | 日涨幅 1.10% (未达阈值 1.5%)
2026-02-09 22:44:11,417 - [INFO] - Thread-DXYZ - 观察中 DXYZ: 现价 32.05 | 日涨幅 1.10% (未达阈值 1.5%)
2026-02-09 22:44:16,855 - [INFO] - Thread-DXYZ - 观察中 DXYZ: 现价 32.05 | 日涨幅 1.10% (未达阈值 1.5%)
2026-02-09 22:44:22,246 - [INFO] - Thread-DXYZ - 观察中 DXYZ: 现价 32.16 | 日涨幅 1.45% (未达阈值 1.5%)
2026-02-09 22:44:27,752 - [INFO] - Thread-DXYZ - 观察中 DXYZ: 现价 32.16 | 日涨幅 1.45% (未达阈值 1.5%)
2026-02-09 22:44:33,182 - [INFO] - Thread-DXYZ - 观察中 DXYZ: 现价 32.16 | 日涨幅 1.45% (未达阈值 1.5%)
2026-02-09 22:44:38,582 - [INFO] - Thread-DXYZ - 观察中 DXYZ: 现价 32.16 | 日涨幅 1.45% (未达阈值 1.5%)
2026-02-09 22:44:43,990 - [INFO] - Thread-DXYZ - 观察中 DXYZ: 现价 32.16 | 日涨幅 1.45% (未达阈值 1.5%)
2026-02-09 22:44:49,449 - [INFO] - Thread-DXYZ - 观察中 DXYZ: 现价 32.16 | 日涨幅 1.45% (未达阈值 1.5%)
2026-02-09 22:44:54,833 - [INFO] - Thread-DXYZ - 观察中 DXYZ: 现价 32.16 | 日涨幅 1.45% (未达阈值 1.5%)
2026-02-09 22:45:00,195 - [INFO] - Thread-DXYZ - 观察中 DXYZ: 现价 32.16 | 日涨幅 1.45% (未达阈值 1.5%)
2026-02-09 22:45:05,666 - [INFO] - Thread-DXYZ - 观察中 DXYZ: 现价 32.16 | 日涨幅 1.45% (未达阈值 1.5%)
2026-02-09 22:45:11,066 - [INFO] - Thread-DXYZ - 观察中 DXYZ: 现价 32.16 | 日涨幅 1.45% (未达阈值 1.5%)
2026-02-09 22:45:16,454 - [INFO] - Thread-DXYZ - 观察中 DXYZ: 现价 32.16 | 日涨幅 1.45% (未达阈值 1.5%)
2026-02-09 22:45:21,866 - [INFO] - Thread-DXYZ - 观察中 DXYZ: 现价 32.16 | 日涨幅 1.45% (未达阈值 1.5%)
2026-02-09 22:45:27,258 - [INFO] - Thread-DXYZ - 观察中 DXYZ: 现价 32.08 | 日涨幅 1.20% (未达阈值 1.5%)
2026-02-09 22:45:32,612 - [INFO] - Thread-DXYZ - 观察中 DXYZ: 现价 32.08 | 日涨幅 1.20% (未达阈值 1.5%)
2026-02-09 22:45:38,024 - [INFO] - Thread-DXYZ - 观察中 DXYZ: 现价 32.08 | 日涨幅 1.20% (未达阈值 1.5%)
2026-02-09 22:45:43,471 - [INFO] - Thread-DXYZ - 观察中 DXYZ: 现价 32.08 | 日涨幅 1.20% (未达阈值 1.5%)
2026-02-09 22:45:48,847 - [INFO] - Thread-DXYZ - 观察中 DXYZ: 现价 32.08 | 日涨幅 1.20% (未达阈值 1.5%)
2026-02-09 22:45:54,820 - [INFO] - Thread-DXYZ - 观察中 DXYZ: 现价 32.08 | 日涨幅 1.20% (未达阈值 1.5%)
2026-02-09 22:46:00,194 - [INFO] - Thread-DXYZ - 观察中 DXYZ: 现价 32.08 | 日涨幅 1.20% (未达阈值 1.5%)
2026-02-09 22:46:05,573 - [INFO] - Thread-DXYZ - 观察中 DXYZ: 现价 32.08 | 日涨幅 1.20% (未达阈值 1.5%)
2026-02-09 22:46:10,971 - [INFO] - Thread-DXYZ - 观察中 DXYZ: 现价 32.01 | 日涨幅 0.98% (未达阈值 1.5%)
2026-02-09 22:46:16,466 - [INFO] - Thread-DXYZ - 观察中 DXYZ: 现价 32.01 | 日涨幅 0.98% (未达阈值 1.5%)
2026-02-09 22:46:21,852 - [INFO] - Thread-DXYZ - 观察中 DXYZ: 现价 32.01 | 日涨幅 0.98% (未达阈值 1.5%)
2026-02-09 22:46:27,231 - [INFO] - Thread-DXYZ - 观察中 DXYZ: 现价 32.01 | 日涨幅 0.98% (未达阈值 1.5%)
2026-02-09 22:46:32,600 - [INFO] - Thread-DXYZ - 观察中 DXYZ: 现价 32.01 | 日涨幅 0.98% (未达阈值 1.5%)
2026-02-09 22:46:37,997 - [INFO] - Thread-DXYZ - 观察中 DXYZ: 现价 32.01 | 日涨幅 0.98% (未达阈值 1.5%)
2026-02-09 22:46:43,427 - [INFO] - Thread-DXYZ - 观察中 DXYZ: 现价 32.01 | 日涨幅 0.98% (未达阈值 1.5%)
2026-02-09 22:46:48,842 - [INFO] - Thread-DXYZ - 观察中 DXYZ: 现价 32.01 | 日涨幅 0.98% (未达阈值 1.5%)
2026-02-09 22:46:54,239 - [INFO] - Thread-DXYZ - 观察中 DXYZ: 现价 32.01 | 日涨幅 0.98% (未达阈值 1.5%)
2026-02-09 22:46:59,629 - [INFO] - Thread-DXYZ - 观察中 DXYZ: 现价 32.01 | 日涨幅 0.98% (未达阈值 1.5%)
2026-02-09 22:47:05,060 - [INFO] - Thread-DXYZ - 观察中 DXYZ: 现价 32.01 | 日涨幅 0.98% (未达阈值 1.5%)
2026-02-09 22:47:10,475 - [INFO] - Thread-DXYZ - 观察中 DXYZ: 现价 32.01 | 日涨幅 0.98% (未达阈值 1.5%)
2026-02-09 22:47:15,891 - [INFO] - Thread-DXYZ - DXYZ 触发买入信号: 日涨幅 2.08%
2026-02-09 22:47:15,892 - [INFO] - Thread-DXYZ - 正在买入 DXYZ | 数量: 30 | 预估价格: 32.36
2026-02-09 22:47:15,892 - [ERROR] - Thread-DXYZ - 买入失败 DXYZ: argument 'order_type': 'str' object cannot be cast as 'OrderType'
2026-02-09 22:47:21,284 - [INFO] - Thread-DXYZ - DXYZ 触发买入信号: 日涨幅 2.08%
2026-02-09 22:47:21,285 - [INFO] - Thread-DXYZ - 正在买入 DXYZ | 数量: 30 | 预估价格: 32.36
2026-02-09 22:47:21,285 - [ERROR] - Thread-DXYZ - 买入失败 DXYZ: argument 'order_type': 'str' object cannot be cast as 'OrderType'
2026-02-09 22:47:26,679 - [INFO] - Thread-DXYZ - DXYZ 触发买入信号: 日涨幅 2.08%
2026-02-09 22:47:26,680 - [INFO] - Thread-DXYZ - 正在买入 DXYZ | 数量: 30 | 预估价格: 32.36
2026-02-09 22:47:26,680 - [ERROR] - Thread-DXYZ - 买入失败 DXYZ: argument 'order_type': 'str' object cannot be cast as 'OrderType'
2026-02-09 22:47:32,045 - [INFO] - Thread-DXYZ - DXYZ 触发买入信号: 日涨幅 2.08%
2026-02-09 22:47:32,045 - [INFO] - Thread-DXYZ - 正在买入 DXYZ | 数量: 30 | 预估价格: 32.36
2026-02-09 22:47:32,045 - [ERROR] - Thread-DXYZ - 买入失败 DXYZ: argument 'order_type': 'str' object cannot be cast as 'OrderType'
2026-02-09 22:47:37,424 - [INFO] - Thread-DXYZ - DXYZ 触发买入信号: 日涨幅 2.08%
2026-02-09 22:47:37,424 - [INFO] - Thread-DXYZ - 正在买入 DXYZ | 数量: 30 | 预估价格: 32.36
2026-02-09 22:47:37,425 - [ERROR] - Thread-DXYZ - 买入失败 DXYZ: argument 'order_type': 'str' object cannot be cast as 'OrderType'
2026-02-09 22:47:42,840 - [INFO] - Thread-DXYZ - DXYZ 触发买入信号: 日涨幅 2.08%
2026-02-09 22:47:42,840 - [INFO] - Thread-DXYZ - 正在买入 DXYZ | 数量: 30 | 预估价格: 32.36
2026-02-09 22:47:42,841 - [ERROR] - Thread-DXYZ - 买入失败 DXYZ: argument 'order_type': 'str' object cannot be cast as 'OrderType'
2026-02-09 22:47:48,263 - [INFO] - Thread-DXYZ - DXYZ 触发买入信号: 日涨幅 2.08%
2026-02-09 22:47:48,263 - [INFO] - Thread-DXYZ - 正在买入 DXYZ | 数量: 30 | 预估价格: 32.36
2026-02-09 22:47:48,264 - [ERROR] - Thread-DXYZ - 买入失败 DXYZ: argument 'order_type': 'str' object cannot be cast as 'OrderType'
2026-02-09 22:47:53,609 - [INFO] - Thread-DXYZ - DXYZ 触发买入信号: 日涨幅 2.08%
2026-02-09 22:47:53,609 - [INFO] - Thread-DXYZ - 正在买入 DXYZ | 数量: 30 | 预估价格: 32.36
2026-02-09 22:47:53,609 - [ERROR] - Thread-DXYZ - 买入失败 DXYZ: argument 'order_type': 'str' object cannot be cast as 'OrderType'
2026-02-09 22:47:59,007 - [INFO] - Thread-DXYZ - DXYZ 触发买入信号: 日涨幅 2.08%
2026-02-09 22:47:59,007 - [INFO] - Thread-DXYZ - 正在买入 DXYZ | 数量: 30 | 预估价格: 32.36
2026-02-09 22:47:59,007 - [ERROR] - Thread-DXYZ - 买入失败 DXYZ: argument 'order_type': 'str' object cannot be cast as 'OrderType'
2026-02-09 22:48:04,504 - [INFO] - Thread-DXYZ - DXYZ 触发买入信号: 日涨幅 2.08%
2026-02-09 22:48:04,504 - [INFO] - Thread-DXYZ - 正在买入 DXYZ | 数量: 30 | 预估价格: 32.36
2026-02-09 22:48:04,505 - [ERROR] - Thread-DXYZ - 买入失败 DXYZ: argument 'order_type': 'str' object cannot be cast as 'OrderType'
2026-02-09 22:48:09,902 - [INFO] - Thread-DXYZ - DXYZ 触发买入信号: 日涨幅 2.08%
2026-02-09 22:48:09,902 - [INFO] - Thread-DXYZ - 正在买入 DXYZ | 数量: 30 | 预估价格: 32.36
2026-02-09 22:48:09,903 - [ERROR] - Thread-DXYZ - 买入失败 DXYZ: argument 'order_type': 'str' object cannot be cast as 'OrderType'
2026-02-09 22:48:15,280 - [INFO] - Thread-DXYZ - DXYZ 触发买入信号: 日涨幅 2.08%
2026-02-09 22:48:15,281 - [INFO] - Thread-DXYZ - 正在买入 DXYZ | 数量: 30 | 预估价格: 32.36
2026-02-09 22:48:15,281 - [ERROR] - Thread-DXYZ - 买入失败 DXYZ: argument 'order_type': 'str' object cannot be cast as 'OrderType'
2026-02-09 22:48:20,671 - [INFO] - Thread-DXYZ - DXYZ 触发买入信号: 日涨幅 2.08%
2026-02-09 22:48:20,672 - [INFO] - Thread-DXYZ - 正在买入 DXYZ | 数量: 30 | 预估价格: 32.36
2026-02-09 22:48:20,672 - [ERROR] - Thread-DXYZ - 买入失败 DXYZ: argument 'order_type': 'str' object cannot be cast as 'OrderType'
2026-02-09 22:48:26,110 - [INFO] - Thread-DXYZ - DXYZ 触发买入信号: 日涨幅 2.08%
2026-02-09 22:48:26,110 - [INFO] - Thread-DXYZ - 正在买入 DXYZ | 数量: 30 | 预估价格: 32.36
2026-02-09 22:48:26,111 - [ERROR] - Thread-DXYZ - 买入失败 DXYZ: argument 'order_type': 'str' object cannot be cast as 'OrderType'
2026-02-09 22:48:31,503 - [INFO] - Thread-DXYZ - DXYZ 触发买入信号: 日涨幅 2.08%
2026-02-09 22:48:31,503 - [INFO] - Thread-DXYZ - 正在买入 DXYZ | 数量: 30 | 预估价格: 32.36
2026-02-09 22:48:31,504 - [ERROR] - Thread-DXYZ - 买入失败 DXYZ: argument 'order_type': 'str' object cannot be cast as 'OrderType'
2026-02-09 22:48:37,129 - [INFO] - Thread-DXYZ - DXYZ 触发买入信号: 日涨幅 2.08%
2026-02-09 22:48:37,129 - [INFO] - Thread-DXYZ - 正在买入 DXYZ | 数量: 30 | 预估价格: 32.36
2026-02-09 22:48:37,129 - [ERROR] - Thread-DXYZ - 买入失败 DXYZ: argument 'order_type': 'str' object cannot be cast as 'OrderType'
2026-02-09 22:48:42,525 - [INFO] - Thread-DXYZ - DXYZ 触发买入信号: 日涨幅 2.08%
2026-02-09 22:48:42,526 - [INFO] - Thread-DXYZ - 正在买入 DXYZ | 数量: 30 | 预估价格: 32.36
2026-02-09 22:48:42,526 - [ERROR] - Thread-DXYZ - 买入失败 DXYZ: argument 'order_type': 'str' object cannot be cast as 'OrderType'
2026-02-09 22:48:47,943 - [INFO] - Thread-DXYZ - DXYZ 触发买入信号: 日涨幅 2.08%
2026-02-09 22:48:47,943 - [INFO] - Thread-DXYZ - 正在买入 DXYZ | 数量: 30 | 预估价格: 32.36
2026-02-09 22:48:47,944 - [ERROR] - Thread-DXYZ - 买入失败 DXYZ: argument 'order_type': 'str' object cannot be cast as 'OrderType'
2026-02-09 22:48:53,361 - [INFO] - Thread-DXYZ - DXYZ 触发买入信号: 日涨幅 2.08%
2026-02-09 22:48:53,361 - [INFO] - Thread-DXYZ - 正在买入 DXYZ | 数量: 30 | 预估价格: 32.36
2026-02-09 22:48:53,361 - [ERROR] - Thread-DXYZ - 买入失败 DXYZ: argument 'order_type': 'str' object cannot be cast as 'OrderType'
2026-02-09 22:48:58,771 - [INFO] - Thread-DXYZ - DXYZ 触发买入信号: 日涨幅 2.08%
2026-02-09 22:48:58,771 - [INFO] - Thread-DXYZ - 正在买入 DXYZ | 数量: 30 | 预估价格: 32.36
2026-02-09 22:48:58,771 - [ERROR] - Thread-DXYZ - 买入失败 DXYZ: argument 'order_type': 'str' object cannot be cast as 'OrderType'
2026-02-09 22:49:04,105 - [INFO] - Thread-DXYZ - DXYZ 触发买入信号: 日涨幅 2.08%
2026-02-09 22:49:04,105 - [INFO] - Thread-DXYZ - 正在买入 DXYZ | 数量: 30 | 预估价格: 32.36
2026-02-09 22:49:04,105 - [ERROR] - Thread-DXYZ - 买入失败 DXYZ: argument 'order_type': 'str' object cannot be cast as 'OrderType'
2026-02-09 22:49:09,527 - [INFO] - Thread-DXYZ - DXYZ 触发买入信号: 日涨幅 2.08%
2026-02-09 22:49:09,528 - [INFO] - Thread-DXYZ - 正在买入 DXYZ | 数量: 30 | 预估价格: 32.36
2026-02-09 22:49:09,528 - [ERROR] - Thread-DXYZ - 买入失败 DXYZ: argument 'order_type': 'str' object cannot be cast as 'OrderType'
2026-02-09 22:49:14,903 - [INFO] - Thread-DXYZ - DXYZ 触发买入信号: 日涨幅 2.08%
2026-02-09 22:49:14,903 - [INFO] - Thread-DXYZ - 正在买入 DXYZ | 数量: 30 | 预估价格: 32.36
2026-02-09 22:49:14,903 - [ERROR] - Thread-DXYZ - 买入失败 DXYZ: argument 'order_type': 'str' object cannot be cast as 'OrderType'
2026-02-09 22:49:20,302 - [INFO] - Thread-DXYZ - DXYZ 触发买入信号: 日涨幅 2.08%
2026-02-09 22:49:20,303 - [INFO] - Thread-DXYZ - 正在买入 DXYZ | 数量: 30 | 预估价格: 32.36
2026-02-09 22:49:20,303 - [ERROR] - Thread-DXYZ - 买入失败 DXYZ: argument 'order_type': 'str' object cannot be cast as 'OrderType'
2026-02-09 22:49:25,717 - [INFO] - Thread-DXYZ - DXYZ 触发买入信号: 日涨幅 1.99%
2026-02-09 22:49:25,718 - [INFO] - Thread-DXYZ - 正在买入 DXYZ | 数量: 30 | 预估价格: 32.33
2026-02-09 22:49:25,718 - [ERROR] - Thread-DXYZ - 买入失败 DXYZ: argument 'order_type': 'str' object cannot be cast as 'OrderType'
2026-02-09 22:49:31,178 - [INFO] - Thread-DXYZ - DXYZ 触发买入信号: 日涨幅 1.99%
2026-02-09 22:49:31,178 - [INFO] - Thread-DXYZ - 正在买入 DXYZ | 数量: 30 | 预估价格: 32.33
2026-02-09 22:49:31,179 - [ERROR] - Thread-DXYZ - 买入失败 DXYZ: argument 'order_type': 'str' object cannot be cast as 'OrderType'
2026-02-09 22:49:36,613 - [INFO] - Thread-DXYZ - DXYZ 触发买入信号: 日涨幅 1.99%
2026-02-09 22:49:36,613 - [INFO] - Thread-DXYZ - 正在买入 DXYZ | 数量: 30 | 预估价格: 32.33
2026-02-09 22:49:36,614 - [ERROR] - Thread-DXYZ - 买入失败 DXYZ: argument 'order_type': 'str' object cannot be cast as 'OrderType'
2026-02-09 22:49:42,048 - [INFO] - Thread-DXYZ - DXYZ 触发买入信号: 日涨幅 1.99%
2026-02-09 22:49:42,049 - [INFO] - Thread-DXYZ - 正在买入 DXYZ | 数量: 30 | 预估价格: 32.33
2026-02-09 22:49:42,049 - [ERROR] - Thread-DXYZ - 买入失败 DXYZ: argument 'order_type': 'str' object cannot be cast as 'OrderType'
2026-02-09 22:49:47,446 - [INFO] - Thread-DXYZ - DXYZ 触发买入信号: 日涨幅 1.99%
2026-02-09 22:49:47,446 - [INFO] - Thread-DXYZ - 正在买入 DXYZ | 数量: 30 | 预估价格: 32.33
2026-02-09 22:49:47,447 - [ERROR] - Thread-DXYZ - 买入失败 DXYZ: argument 'order_type': 'str' object cannot be cast as 'OrderType'
2026-02-09 22:49:52,848 - [INFO] - Thread-DXYZ - DXYZ 触发买入信号: 日涨幅 1.99%
2026-02-09 22:49:52,849 - [INFO] - Thread-DXYZ - 正在买入 DXYZ | 数量: 30 | 预估价格: 32.33
2026-02-09 22:49:52,849 - [ERROR] - Thread-DXYZ - 买入失败 DXYZ: argument 'order_type': 'str' object cannot be cast as 'OrderType'
2026-02-09 22:49:58,302 - [INFO] - Thread-DXYZ - DXYZ 触发买入信号: 日涨幅 1.99%
2026-02-09 22:49:58,302 - [INFO] - Thread-DXYZ - 正在买入 DXYZ | 数量: 30 | 预估价格: 32.33
2026-02-09 22:49:58,303 - [ERROR] - Thread-DXYZ - 买入失败 DXYZ: argument 'order_type': 'str' object cannot be cast as 'OrderType'
2026-02-09 22:50:03,684 - [INFO] - Thread-DXYZ - DXYZ 触发买入信号: 日涨幅 1.99%
2026-02-09 22:50:03,685 - [INFO] - Thread-DXYZ - 正在买入 DXYZ | 数量: 30 | 预估价格: 32.33
2026-02-09 22:50:03,685 - [ERROR] - Thread-DXYZ - 买入失败 DXYZ: argument 'order_type': 'str' object cannot be cast as 'OrderType'
2026-02-09 22:50:09,175 - [INFO] - Thread-DXYZ - DXYZ 触发买入信号: 日涨幅 1.99%
2026-02-09 22:50:09,175 - [INFO] - Thread-DXYZ - 正在买入 DXYZ | 数量: 30 | 预估价格: 32.33
2026-02-09 22:50:09,175 - [ERROR] - Thread-DXYZ - 买入失败 DXYZ: argument 'order_type': 'str' object cannot be cast as 'OrderType'
2026-02-09 22:50:14,621 - [INFO] - Thread-DXYZ - DXYZ 触发买入信号: 日涨幅 1.99%
2026-02-09 22:50:14,621 - [INFO] - Thread-DXYZ - 正在买入 DXYZ | 数量: 30 | 预估价格: 32.33
2026-02-09 22:50:14,622 - [ERROR] - Thread-DXYZ - 买入失败 DXYZ: argument 'order_type': 'str' object cannot be cast as 'OrderType'
2026-02-09 22:50:20,022 - [INFO] - Thread-DXYZ - DXYZ 触发买入信号: 日涨幅 1.99%
2026-02-09 22:50:20,023 - [INFO] - Thread-DXYZ - 正在买入 DXYZ | 数量: 30 | 预估价格: 32.33
2026-02-09 22:50:20,023 - [ERROR] - Thread-DXYZ - 买入失败 DXYZ: argument 'order_type': 'str' object cannot be cast as 'OrderType'
2026-02-09 22:50:25,581 - [INFO] - Thread-DXYZ - DXYZ 触发买入信号: 日涨幅 1.51%
2026-02-09 22:50:25,581 - [INFO] - Thread-DXYZ - 正在买入 DXYZ | 数量: 31 | 预估价格: 32.18
2026-02-09 22:50:25,581 - [ERROR] - Thread-DXYZ - 买入失败 DXYZ: argument 'order_type': 'str' object cannot be cast as 'OrderType'
2026-02-09 22:50:31,212 - [INFO] - Thread-DXYZ - DXYZ 触发买入信号: 日涨幅 1.51%
2026-02-09 22:50:31,213 - [INFO] - Thread-DXYZ - 正在买入 DXYZ | 数量: 31 | 预估价格: 32.18
2026-02-09 22:50:31,213 - [ERROR] - Thread-DXYZ - 买入失败 DXYZ: argument 'order_type': 'str' object cannot be cast as 'OrderType'
2026-02-09 22:50:36,631 - [INFO] - Thread-DXYZ - DXYZ 触发买入信号: 日涨幅 1.51%
2026-02-09 22:50:36,631 - [INFO] - Thread-DXYZ - 正在买入 DXYZ | 数量: 31 | 预估价格: 32.18
2026-02-09 22:50:36,631 - [ERROR] - Thread-DXYZ - 买入失败 DXYZ: argument 'order_type': 'str' object cannot be cast as 'OrderType'
2026-02-09 22:50:42,165 - [INFO] - Thread-DXYZ - DXYZ 触发买入信号: 日涨幅 1.51%
2026-02-09 22:50:42,166 - [INFO] - Thread-DXYZ - 正在买入 DXYZ | 数量: 31 | 预估价格: 32.18
2026-02-09 22:50:42,166 - [ERROR] - Thread-DXYZ - 买入失败 DXYZ: argument 'order_type': 'str' object cannot be cast as 'OrderType'
2026-02-09 22:50:47,899 - [INFO] - Thread-DXYZ - DXYZ 触发买入信号: 日涨幅 1.51%
2026-02-09 22:50:47,899 - [INFO] - Thread-DXYZ - 正在买入 DXYZ | 数量: 31 | 预估价格: 32.18
2026-02-09 22:50:47,899 - [ERROR] - Thread-DXYZ - 买入失败 DXYZ: argument 'order_type': 'str' object cannot be cast as 'OrderType'
2026-02-09 22:50:53,499 - [INFO] - Thread-DXYZ - DXYZ 触发买入信号: 日涨幅 1.51%
2026-02-09 22:50:53,499 - [INFO] - Thread-DXYZ - 正在买入 DXYZ | 数量: 31 | 预估价格: 32.18
2026-02-09 22:50:53,499 - [ERROR] - Thread-DXYZ - 买入失败 DXYZ: argument 'order_type': 'str' object cannot be cast as 'OrderType'
2026-02-09 22:50:58,937 - [INFO] - Thread-DXYZ - DXYZ 触发买入信号: 日涨幅 1.51%
2026-02-09 22:50:58,938 - [INFO] - Thread-DXYZ - 正在买入 DXYZ | 数量: 31 | 预估价格: 32.18
2026-02-09 22:50:58,938 - [ERROR] - Thread-DXYZ - 买入失败 DXYZ: argument 'order_type': 'str' object cannot be cast as 'OrderType'
2026-02-09 22:51:04,595 - [INFO] - Thread-DXYZ - DXYZ 触发买入信号: 日涨幅 1.51%
2026-02-09 22:51:04,596 - [INFO] - Thread-DXYZ - 正在买入 DXYZ | 数量: 31 | 预估价格: 32.18
2026-02-09 22:51:04,596 - [ERROR] - Thread-DXYZ - 买入失败 DXYZ: argument 'order_type': 'str' object cannot be cast as 'OrderType'
2026-02-09 22:51:10,516 - [INFO] - Thread-DXYZ - DXYZ 触发买入信号: 日涨幅 1.51%
2026-02-09 22:51:10,516 - [INFO] - Thread-DXYZ - 正在买入 DXYZ | 数量: 31 | 预估价格: 32.18
2026-02-09 22:51:10,516 - [ERROR] - Thread-DXYZ - 买入失败 DXYZ: argument 'order_type': 'str' object cannot be cast as 'OrderType'
2026-02-09 22:51:15,820 - [INFO] - Thread-DXYZ - DXYZ 触发买入信号: 日涨幅 1.51%
2026-02-09 22:51:15,821 - [INFO] - Thread-DXYZ - 正在买入 DXYZ | 数量: 31 | 预估价格: 32.18
2026-02-09 22:51:15,829 - [ERROR] - Thread-DXYZ - 买入失败 DXYZ: argument 'order_type': 'str' object cannot be cast as 'OrderType'
2026-02-09 22:51:21,128 - [INFO] - Thread-DXYZ - DXYZ 触发买入信号: 日涨幅 1.51%
2026-02-09 22:51:21,129 - [INFO] - Thread-DXYZ - 正在买入 DXYZ | 数量: 31 | 预估价格: 32.18
2026-02-09 22:51:21,131 - [ERROR] - Thread-DXYZ - 买入失败 DXYZ: argument 'order_type': 'str' object cannot be cast as 'OrderType'
2026-02-09 22:51:26,446 - [INFO] - Thread-DXYZ - DXYZ 触发买入信号: 日涨幅 1.51%
2026-02-09 22:51:26,447 - [INFO] - Thread-DXYZ - 正在买入 DXYZ | 数量: 31 | 预估价格: 32.18
2026-02-09 22:51:26,447 - [ERROR] - Thread-DXYZ - 买入失败 DXYZ: argument 'order_type': 'str' object cannot be cast as 'OrderType'
2026-02-09 22:51:31,853 - [INFO] - Thread-DXYZ - DXYZ 触发买入信号: 日涨幅 1.83%
2026-02-09 22:51:31,853 - [INFO] - Thread-DXYZ - 正在买入 DXYZ | 数量: 30 | 预估价格: 32.28
2026-02-09 22:51:31,854 - [ERROR] - Thread-DXYZ - 买入失败 DXYZ: argument 'order_type': 'str' object cannot be cast as 'OrderType'
2026-02-09 22:51:37,239 - [INFO] - Thread-DXYZ - DXYZ 触发买入信号: 日涨幅 1.83%
2026-02-09 22:51:37,240 - [INFO] - Thread-DXYZ - 正在买入 DXYZ | 数量: 30 | 预估价格: 32.28
2026-02-09 22:51:37,240 - [ERROR] - Thread-DXYZ - 买入失败 DXYZ: argument 'order_type': 'str' object cannot be cast as 'OrderType'
2026-02-09 22:51:42,609 - [INFO] - Thread-DXYZ - DXYZ 触发买入信号: 日涨幅 1.83%
2026-02-09 22:51:42,609 - [INFO] - Thread-DXYZ - 正在买入 DXYZ | 数量: 30 | 预估价格: 32.28
2026-02-09 22:51:42,609 - [ERROR] - Thread-DXYZ - 买入失败 DXYZ: argument 'order_type': 'str' object cannot be cast as 'OrderType'
2026-02-09 22:51:47,917 - [INFO] - Thread-DXYZ - DXYZ 触发买入信号: 日涨幅 1.83%
2026-02-09 22:51:47,917 - [INFO] - Thread-DXYZ - 正在买入 DXYZ | 数量: 30 | 预估价格: 32.28
2026-02-09 22:51:47,917 - [ERROR] - Thread-DXYZ - 买入失败 DXYZ: argument 'order_type': 'str' object cannot be cast as 'OrderType'
2026-02-09 22:51:53,233 - [INFO] - Thread-DXYZ - DXYZ 触发买入信号: 日涨幅 1.83%
2026-02-09 22:51:53,236 - [INFO] - Thread-DXYZ - 正在买入 DXYZ | 数量: 30 | 预估价格: 32.28
2026-02-09 22:51:53,236 - [ERROR] - Thread-DXYZ - 买入失败 DXYZ: argument 'order_type': 'str' object cannot be cast as 'OrderType'
2026-02-09 22:51:58,744 - [INFO] - Thread-DXYZ - DXYZ 触发买入信号: 日涨幅 1.83%
2026-02-09 22:51:58,745 - [INFO] - Thread-DXYZ - 正在买入 DXYZ | 数量: 30 | 预估价格: 32.28
2026-02-09 22:51:58,745 - [ERROR] - Thread-DXYZ - 买入失败 DXYZ: argument 'order_type': 'str' object cannot be cast as 'OrderType'
2026-02-09 22:52:00,344 - [INFO] - MainThread - 交易状态已保存。
